11:47:59.539 [Test worker] INFO  com.busanit501.leejj_server_project2.service._0204_6_TodoServiceTests-로그 라이브러리 logd4j2 기능 테스트 
11:47:59.543 [Test worker] INFO  com.busanit501.leejj_server_project2.service._0204_6_TodoServiceTests-_0204_1_TodoDTO(tno=null, title=샘플 제목, 오늘 점심 뭐 먹지?, dueDate=2026-02-04, finished=true)
11:47:59.564 [Test worker] INFO  com.busanit501.leejj_server_project2._0204_todo.service._0204_4_TodoService-_0204_4_TodoService에서 register 작업중, 변환 결과 확인 todoVO : _0204_2_TodoVO(tno=null, title=샘플 제목, 오늘 점심 뭐 먹지?, dueDate=2026-02-04, finished=true)
10:47:31.001 [Test worker] INFO  com.busanit501.leejj_server_project2.dao._0209_20_MemberDAOTests-임시 로그인, 유저 조회 결과 : _0209_17_MemberVO(mid=ljj1, mpw=1234, mname=이진주1)
10:47:50.187 [Test worker] INFO  com.busanit501.leejj_server_project2.service._0209_22_MemberServiceTests-멤버 서비스 로그인 테스트 memberDTO: _0209_18_MemberDTO(mid=ljj1, mpw=1234, mname=이진주1)
10:50:54.196 [Test worker] INFO  com.busanit501.leejj_server_project2.dao._0209_20_MemberDAOTests-임시 로그인, 유저 조회 결과 : _0209_17_MemberVO(mid=ljj1, mpw=1234, mname=이진주1)
11:05:07.151 [Test worker] INFO  com.busanit501.leejj_server_project2.dao._0209_20_MemberDAOTests-임시 로그인, 유저 조회 결과 : _0209_17_MemberVO(mid=ljj1, mpw=1234, mname=이진주1)
15:44:55.785 [Test worker] INFO  com.busanit501.leejj_server_project2.dao._0209_20_MemberDAOTests-uuid 이용해서 조회, 임시 로그인, 유저 조회 결과2 : _0209_17_MemberVO(mid=ljj1, mpw=1234, mname=이진주1, uuid=8e046371-70f1-485a-b110-e571071c0143)
15:47:15.993 [Test worker] INFO  com.busanit501.leejj_server_project2.service._0209_22_MemberServiceTests-uuid 를 이용한 조회 멤버 서비스 로그인 테스트2 memberDTO: _0209_18_MemberDTO(mid=ljj1, mpw=1234, mname=이진주1, uuid=8e046371-70f1-485a-b110-e571071c0143)
11:06:52.961 [Test worker] INFO  com.busanit501.leejj_server_project2.sample.SampleTests-실제 객체가 활성화가 되었는지 여부를 객체를 조회해보기,com.busanit501.leejj_server_project2.springex_0212.sample._2_SampleService_0212@7068f7ca
11:34:54.751 [Test worker] INFO  com.busanit501.leejj_server_project2.sample.SampleTests-실제 객체가 활성화가 되었는지 여부를 객체를 조회해보기,com.busanit501.leejj_server_project2.springex_0212.sample._2_SampleService_0212@4632cfc
12:47:15.315 [Test worker] INFO  com.busanit501.leejj_server_project2.sample.SampleTests-실제 객체가 활성화가 되었는지 여부를 객체를 조회해보기,_2_SampleService_0212(sampleDAO0212=com.busanit501.leejj_server_project2.springex_0212.sample._1_SampleDAO_0212@652ce654)
14:36:00.707 [Test worker] INFO  com.busanit501.leejj_server_project2.sample.SampleTests-실제 객체가 활성화가 되었는지 여부를 객체를 조회해보기,_2_SampleService_0212(sampleDAO0212=com.busanit501.leejj_server_project2.springex_0212.sample._1_SampleDAO_0212@17d2ed1b)
14:36:17.831 [Test worker] INFO  com.busanit501.leejj_server_project2.sample.SampleTests-실제 객체가 활성화가 되었는지 여부를 객체를 조회해보기,_2_SampleService_0212(sampleDAO0212=com.busanit501.leejj_server_project2.springex_0212.sample._1_SampleDAO_0212@522ba524)
14:37:24.098 [Test worker] INFO  com.busanit501.leejj_server_project2.sample.SampleTests-실제 객체가 활성화가 되었는지 여부를 객체를 조회해보기,_2_SampleService_0212(sampleDAO0212=com.busanit501.leejj_server_project2.springex_0212.sample._1_SampleDAO_0212@29c5ee1d)
14:45:59.264 [Test worker] INFO  com.busanit501.leejj_server_project2.sample.SampleTests-실제 객체가 활성화가 되었는지 여부를 객체를 조회해보기,_2_SampleService_0212(sampleDAO0212=com.busanit501.leejj_server_project2.springex_0212.sample._4_EventSampleDAOImpl_0212@185f7840)
14:51:16.001 [Test worker] INFO  com.busanit501.leejj_server_project2.sample.SampleTests-실제 객체가 활성화가 되었는지 여부를 객체를 조회해보기,_2_SampleService_0212(sampleDAO0212=com.busanit501.leejj_server_project2.springex_0212.sample._4_EventSampleDAOImpl_0212@185f7840)
15:03:43.845 [Test worker] INFO  com.busanit501.leejj_server_project2.sample.SampleTests-실제 객체가 활성화가 되었는지 여부를 객체를 조회해보기,_2_SampleService_0212(sampleDAO0212=com.busanit501.leejj_server_project2.springex_0212.sample._3_SampleDAOImp1_0212@656d10a4)
15:41:04.030 [Test worker] INFO  com.busanit501.leejj_server_project2.sample.SampleTests-testConnection : HikariProxyConnection@69160933 wrapping org.mariadb.jdbc.Connection@4f966719
16:39:16.532 [Test worker] INFO  com.busanit501.leejj_server_project2.mapper.TimeMapperTests-시간 확인으로 마이바티스 임시 연결 확인 : 2026-02-12 16:39:19
11:13:32.971 [Test worker] INFO  com.busanit501.leejj_server_project2.mapper.TimeMapperTests-시간 확인으로 마이바티스 임시 연결 확인 : 2026-02-13 11:13:36
11:36:42.444 [Test worker] INFO  com.busanit501.leejj_server_project2.mapper.TimeMapperTests-시간 확인으로 마이바티스 임시 연결 확인 : 2026-02-13 11:36:47
16:35:32.597 [Test worker] INFO  com.busanit501.leejj_server_project2.mapper.TodoMapperTests-시간 확인으로 마이바티스 임시 연결 확인 : 2026-02-19 16:35:32
10:24:01.103 [Test worker] INFO  com.busanit501.leejj_server_project2.mapper.TodoMapperTests-시간 확인으로 마이바티스 임시 연결 확인 : 2026-02-20 10:24:01
10:25:09.381 [Test worker] INFO  com.busanit501.leejj_server_project2.mapper.TodoMapperTests-시간 확인으로 마이바티스 임시 연결 확인 : 2026-02-20 10:25:09
10:26:10.177 [Test worker] INFO  com.busanit501.leejj_server_project2.mapper.TodoMapperTests-시간 확인으로 마이바티스 임시 연결 확인 : 2026-02-20 10:26:10
10:28:36.467 [Test worker] INFO  com.busanit501.leejj_server_project2.mapper.TodoMapperTests-시간 확인으로 마이바티스 임시 연결 확인 : 2026-02-20 10:28:36
10:30:46.119 [Test worker] INFO  com.busanit501.leejj_server_project2.mapper.TodoMapperTests-시간 확인으로 마이바티스 임시 연결 확인 : 2026-02-20 10:30:46
11:40:01.924 [Test worker] INFO  com.busanit501.leejj_server_project2.springex_new_0219_keep.service.TodoServiceImpl-서비스 작업: insert 기능 작업중. 
11:40:01.947 [Test worker] INFO  com.busanit501.leejj_server_project2.springex_new_0219_keep.service.TodoServiceImpl-서비스 작업: insert 기능 변환된 todoVO : TodoVO(tno=null, title=오늘 점심 뭐 먹죠2?, dueDate=2026-02-20, finished=false, writer=이상용2)
17:09:46.804 [Test worker] INFO  com.busanit501.leejj_server_project2.mapper.TodoMapperTests-TodoVO(tno=29, title=리스트 테스트, dueDate=2026-02-21, finished=false, writer=김꼬질)
17:09:46.804 [Test worker] INFO  com.busanit501.leejj_server_project2.mapper.TodoMapperTests-TodoVO(tno=28, title=오늘 점심 뭐 먹죠2?, dueDate=2026-02-20, finished=false, writer=이상용2)
17:09:46.804 [Test worker] INFO  com.busanit501.leejj_server_project2.mapper.TodoMapperTests-TodoVO(tno=27, title=오늘 점심 서브웨이, dueDate=2026-02-20, finished=false, writer=김꼬질)
17:09:46.805 [Test worker] INFO  com.busanit501.leejj_server_project2.mapper.TodoMapperTests-TodoVO(tno=26, title=testInsert, dueDate=2026-02-20, finished=false, writer=이진주)
17:09:46.805 [Test worker] INFO  com.busanit501.leejj_server_project2.mapper.TodoMapperTests-TodoVO(tno=25, title=저녁 먹기, dueDate=2026-02-11, finished=false, writer=null)
17:09:46.805 [Test worker] INFO  com.busanit501.leejj_server_project2.mapper.TodoMapperTests-TodoVO(tno=22, title=글쓰기_테스트_1, dueDate=2026-02-11, finished=true, writer=null)
17:09:46.805 [Test worker] INFO  com.busanit501.leejj_server_project2.mapper.TodoMapperTests-TodoVO(tno=20, title=수정_테스트_2, dueDate=2026-02-11, finished=true, writer=null)
17:19:25.566 [Test worker] INFO  com.busanit501.leejj_server_project2.mapper.TodoMapperTests-시간 확인으로 마이바티스 임시 연결 확인 : 2026-02-20 17:19:25
10:10:32.969 [Test worker] INFO  com.busanit501.leejj_server_project2.mapper.TodoMapperTests-TodoVO(tno=29, title=리스트 테스트, dueDate=2026-02-21, finished=false, writer=김꼬질)
10:10:32.970 [Test worker] INFO  com.busanit501.leejj_server_project2.mapper.TodoMapperTests-TodoVO(tno=28, title=오늘 점심 뭐 먹죠2?, dueDate=2026-02-20, finished=false, writer=이상용2)
10:10:32.971 [Test worker] INFO  com.busanit501.leejj_server_project2.mapper.TodoMapperTests-TodoVO(tno=27, title=오늘 점심 서브웨이, dueDate=2026-02-20, finished=false, writer=김꼬질)
10:10:32.971 [Test worker] INFO  com.busanit501.leejj_server_project2.mapper.TodoMapperTests-TodoVO(tno=26, title=testInsert, dueDate=2026-02-20, finished=false, writer=이진주)
10:10:32.971 [Test worker] INFO  com.busanit501.leejj_server_project2.mapper.TodoMapperTests-TodoVO(tno=25, title=저녁 먹기, dueDate=2026-02-11, finished=false, writer=null)
10:10:32.971 [Test worker] INFO  com.busanit501.leejj_server_project2.mapper.TodoMapperTests-TodoVO(tno=22, title=글쓰기_테스트_1, dueDate=2026-02-11, finished=true, writer=null)
10:10:32.972 [Test worker] INFO  com.busanit501.leejj_server_project2.mapper.TodoMapperTests-TodoVO(tno=20, title=수정_테스트_2, dueDate=2026-02-11, finished=true, writer=null)
10:19:45.535 [Test worker] INFO  com.busanit501.leejj_server_project2.service.TodoServiceTests-TodoDTO(tno=29, title=리스트 테스트, dueDate=2026-02-21, writer=김꼬질, finished=false)
10:19:45.535 [Test worker] INFO  com.busanit501.leejj_server_project2.service.TodoServiceTests-TodoDTO(tno=28, title=오늘 점심 뭐 먹죠2?, dueDate=2026-02-20, writer=이상용2, finished=false)
10:19:45.535 [Test worker] INFO  com.busanit501.leejj_server_project2.service.TodoServiceTests-TodoDTO(tno=27, title=오늘 점심 서브웨이, dueDate=2026-02-20, writer=김꼬질, finished=false)
10:19:45.535 [Test worker] INFO  com.busanit501.leejj_server_project2.service.TodoServiceTests-TodoDTO(tno=26, title=testInsert, dueDate=2026-02-20, writer=이진주, finished=false)
10:19:45.535 [Test worker] INFO  com.busanit501.leejj_server_project2.service.TodoServiceTests-TodoDTO(tno=25, title=저녁 먹기, dueDate=2026-02-11, writer=null, finished=false)
10:19:45.536 [Test worker] INFO  com.busanit501.leejj_server_project2.service.TodoServiceTests-TodoDTO(tno=22, title=글쓰기_테스트_1, dueDate=2026-02-11, writer=null, finished=true)
10:19:45.536 [Test worker] INFO  com.busanit501.leejj_server_project2.service.TodoServiceTests-TodoDTO(tno=20, title=수정_테스트_2, dueDate=2026-02-11, writer=null, finished=true)
11:08:25.943 [Test worker] INFO  com.busanit501.leejj_server_project2.mapper.TodoMapperTests-TodoVO(tno=29, title=리스트 테스트, dueDate=2026-02-21, finished=false, writer=김꼬질)
11:20:21.154 [Test worker] INFO  com.busanit501.leejj_server_project2.service.TodoServiceTests-TodoDTO(tno=29, title=리스트 테스트, dueDate=2026-02-21, writer=김꼬질, finished=false)
11:21:17.047 [Test worker] INFO  com.busanit501.leejj_server_project2.service.TodoServiceTests-TodoDTO(tno=25, title=저녁 먹기, dueDate=2026-02-11, writer=null, finished=false)
17:10:03.024 [Test worker] INFO  com.busanit501.leejj_server_project2.mapper.TodoMapperTests-수정 후 데이터:TodoVO(tno=20, title=수정된 제목_테스트, dueDate=2026-02-25, finished=true, writer=null)
17:34:28.960 [Test worker] INFO  com.busanit501.leejj_server_project2.springex_new_0219_keep.service.TodoServiceImpl-서비스 계층에서 update 실행: TodoDTO(tno=20, title=진짜 사용자가 수정한 제목, dueDate=2026-02-27, writer=null, finished=true)
17:34:48.026 [Test worker] INFO  com.busanit501.leejj_server_project2.springex_new_0219_keep.service.TodoServiceImpl-서비스 계층에서 update 실행: TodoDTO(tno=30, title=진짜 사용자가 수정한 제목, dueDate=2026-02-27, writer=null, finished=true)
17:40:13.005 [Test worker] INFO  com.busanit501.leejj_server_project2.springex_new_0219_keep.service.TodoServiceImpl-서비스 계층에서 update 실행: TodoDTO(tno=30, title=log.info 확인용 수정 테스트, dueDate=2026-02-27, writer=null, finished=true)
17:40:13.089 [Test worker] INFO  com.busanit501.leejj_server_project2.service.TodoServiceTests-TodoDTO(tno=30, title=log.info 확인용 수정 테스트, dueDate=2026-02-27, writer=null, finished=true)
15:10:04.613 [Test worker] INFO  com.busanit501.leejj_server_project2.mapper.TodoMapperTests-TodoVO(tno=1352, title=오늘의 테스트_수정 테스트, dueDate=2026-02-24, finished=false, writer=김꼬질)
15:10:04.614 [Test worker] INFO  com.busanit501.leejj_server_project2.mapper.TodoMapperTests-TodoVO(tno=1351, title=수정 테스트 333, dueDate=2026-02-25, finished=false, writer=김꼬질)
15:10:04.614 [Test worker] INFO  com.busanit501.leejj_server_project2.mapper.TodoMapperTests-TodoVO(tno=1350, title=log.info 확인용 수정 테스트, dueDate=2026-02-27, finished=false, writer=김꼬질)
15:10:04.614 [Test worker] INFO  com.busanit501.leejj_server_project2.mapper.TodoMapperTests-TodoVO(tno=1349, title=리스트 테스트, dueDate=2026-02-21, finished=false, writer=김꼬질)
15:10:04.614 [Test worker] INFO  com.busanit501.leejj_server_project2.mapper.TodoMapperTests-TodoVO(tno=1348, title=오늘의 테스트2, dueDate=2026-02-24, finished=false, writer=김꼬질)
15:10:04.614 [Test worker] INFO  com.busanit501.leejj_server_project2.mapper.TodoMapperTests-TodoVO(tno=1347, title=날짜 선택 테스트, dueDate=2026-02-24, finished=false, writer=이진주)
15:10:04.614 [Test worker] INFO  com.busanit501.leejj_server_project2.mapper.TodoMapperTests-TodoVO(tno=1346, title=오늘의 테스트_수정 테스트, dueDate=2026-02-24, finished=false, writer=김꼬질)
15:10:04.615 [Test worker] INFO  com.busanit501.leejj_server_project2.mapper.TodoMapperTests-TodoVO(tno=1345, title=수정 테스트 333, dueDate=2026-02-25, finished=false, writer=김꼬질)
15:10:04.615 [Test worker] INFO  com.busanit501.leejj_server_project2.mapper.TodoMapperTests-TodoVO(tno=1344, title=log.info 확인용 수정 테스트, dueDate=2026-02-27, finished=false, writer=김꼬질)
15:10:04.615 [Test worker] INFO  com.busanit501.leejj_server_project2.mapper.TodoMapperTests-TodoVO(tno=1343, title=리스트 테스트, dueDate=2026-02-21, finished=false, writer=김꼬질)
15:10:07.156 [Test worker] INFO  com.busanit501.leejj_server_project2.mapper.TodoMapperTests-TodoVO(tno=1352, title=오늘의 테스트_수정 테스트, dueDate=2026-02-24, finished=false, writer=김꼬질)
15:10:07.156 [Test worker] INFO  com.busanit501.leejj_server_project2.mapper.TodoMapperTests-TodoVO(tno=1351, title=수정 테스트 333, dueDate=2026-02-25, finished=false, writer=김꼬질)
15:10:07.157 [Test worker] INFO  com.busanit501.leejj_server_project2.mapper.TodoMapperTests-TodoVO(tno=1350, title=log.info 확인용 수정 테스트, dueDate=2026-02-27, finished=false, writer=김꼬질)
15:10:07.157 [Test worker] INFO  com.busanit501.leejj_server_project2.mapper.TodoMapperTests-TodoVO(tno=1349, title=리스트 테스트, dueDate=2026-02-21, finished=false, writer=김꼬질)
15:10:07.157 [Test worker] INFO  com.busanit501.leejj_server_project2.mapper.TodoMapperTests-TodoVO(tno=1348, title=오늘의 테스트2, dueDate=2026-02-24, finished=false, writer=김꼬질)
15:10:07.157 [Test worker] INFO  com.busanit501.leejj_server_project2.mapper.TodoMapperTests-TodoVO(tno=1347, title=날짜 선택 테스트, dueDate=2026-02-24, finished=false, writer=이진주)
15:10:07.157 [Test worker] INFO  com.busanit501.leejj_server_project2.mapper.TodoMapperTests-TodoVO(tno=1346, title=오늘의 테스트_수정 테스트, dueDate=2026-02-24, finished=false, writer=김꼬질)
15:10:07.158 [Test worker] INFO  com.busanit501.leejj_server_project2.mapper.TodoMapperTests-TodoVO(tno=1345, title=수정 테스트 333, dueDate=2026-02-25, finished=false, writer=김꼬질)
15:10:07.158 [Test worker] INFO  com.busanit501.leejj_server_project2.mapper.TodoMapperTests-TodoVO(tno=1344, title=log.info 확인용 수정 테스트, dueDate=2026-02-27, finished=false, writer=김꼬질)
15:10:07.158 [Test worker] INFO  com.busanit501.leejj_server_project2.mapper.TodoMapperTests-TodoVO(tno=1343, title=리스트 테스트, dueDate=2026-02-21, finished=false, writer=김꼬질)
15:11:21.210 [Test worker] INFO  com.busanit501.leejj_server_project2.mapper.TodoMapperTests-TodoVO(tno=1352, title=오늘의 테스트_수정 테스트, dueDate=2026-02-24, finished=false, writer=김꼬질)
15:11:21.211 [Test worker] INFO  com.busanit501.leejj_server_project2.mapper.TodoMapperTests-TodoVO(tno=1351, title=수정 테스트 333, dueDate=2026-02-25, finished=false, writer=김꼬질)
15:11:21.212 [Test worker] INFO  com.busanit501.leejj_server_project2.mapper.TodoMapperTests-TodoVO(tno=1350, title=log.info 확인용 수정 테스트, dueDate=2026-02-27, finished=false, writer=김꼬질)
15:11:21.212 [Test worker] INFO  com.busanit501.leejj_server_project2.mapper.TodoMapperTests-TodoVO(tno=1349, title=리스트 테스트, dueDate=2026-02-21, finished=false, writer=김꼬질)
15:11:21.212 [Test worker] INFO  com.busanit501.leejj_server_project2.mapper.TodoMapperTests-TodoVO(tno=1348, title=오늘의 테스트2, dueDate=2026-02-24, finished=false, writer=김꼬질)
15:11:21.213 [Test worker] INFO  com.busanit501.leejj_server_project2.mapper.TodoMapperTests-TodoVO(tno=1347, title=날짜 선택 테스트, dueDate=2026-02-24, finished=false, writer=이진주)
15:11:21.213 [Test worker] INFO  com.busanit501.leejj_server_project2.mapper.TodoMapperTests-TodoVO(tno=1346, title=오늘의 테스트_수정 테스트, dueDate=2026-02-24, finished=false, writer=김꼬질)
15:11:21.213 [Test worker] INFO  com.busanit501.leejj_server_project2.mapper.TodoMapperTests-TodoVO(tno=1345, title=수정 테스트 333, dueDate=2026-02-25, finished=false, writer=김꼬질)
15:11:21.213 [Test worker] INFO  com.busanit501.leejj_server_project2.mapper.TodoMapperTests-TodoVO(tno=1344, title=log.info 확인용 수정 테스트, dueDate=2026-02-27, finished=false, writer=김꼬질)
15:11:21.214 [Test worker] INFO  com.busanit501.leejj_server_project2.mapper.TodoMapperTests-TodoVO(tno=1343, title=리스트 테스트, dueDate=2026-02-21, finished=false, writer=김꼬질)
15:11:36.580 [Test worker] INFO  com.busanit501.leejj_server_project2.mapper.TodoMapperTests-TodoVO(tno=1342, title=오늘의 테스트2, dueDate=2026-02-24, finished=false, writer=김꼬질)
15:11:36.581 [Test worker] INFO  com.busanit501.leejj_server_project2.mapper.TodoMapperTests-TodoVO(tno=1341, title=날짜 선택 테스트, dueDate=2026-02-24, finished=false, writer=이진주)
15:11:36.582 [Test worker] INFO  com.busanit501.leejj_server_project2.mapper.TodoMapperTests-TodoVO(tno=1340, title=오늘의 테스트_수정 테스트, dueDate=2026-02-24, finished=false, writer=김꼬질)
15:11:36.582 [Test worker] INFO  com.busanit501.leejj_server_project2.mapper.TodoMapperTests-TodoVO(tno=1339, title=수정 테스트 333, dueDate=2026-02-25, finished=false, writer=김꼬질)
15:11:36.582 [Test worker] INFO  com.busanit501.leejj_server_project2.mapper.TodoMapperTests-TodoVO(tno=1338, title=log.info 확인용 수정 테스트, dueDate=2026-02-27, finished=false, writer=김꼬질)
15:11:36.582 [Test worker] INFO  com.busanit501.leejj_server_project2.mapper.TodoMapperTests-TodoVO(tno=1337, title=리스트 테스트, dueDate=2026-02-21, finished=false, writer=김꼬질)
15:11:36.582 [Test worker] INFO  com.busanit501.leejj_server_project2.mapper.TodoMapperTests-TodoVO(tno=1336, title=오늘의 테스트2, dueDate=2026-02-24, finished=false, writer=김꼬질)
15:11:36.583 [Test worker] INFO  com.busanit501.leejj_server_project2.mapper.TodoMapperTests-TodoVO(tno=1335, title=날짜 선택 테스트, dueDate=2026-02-24, finished=false, writer=이진주)
15:11:36.583 [Test worker] INFO  com.busanit501.leejj_server_project2.mapper.TodoMapperTests-TodoVO(tno=1334, title=오늘의 테스트_수정 테스트, dueDate=2026-02-24, finished=false, writer=김꼬질)
15:11:36.583 [Test worker] INFO  com.busanit501.leejj_server_project2.mapper.TodoMapperTests-TodoVO(tno=1333, title=수정 테스트 333, dueDate=2026-02-25, finished=false, writer=김꼬질)
15:12:06.133 [Test worker] INFO  com.busanit501.leejj_server_project2.mapper.TodoMapperTests-TodoVO(tno=1352, title=오늘의 테스트_수정 테스트, dueDate=2026-02-24, finished=false, writer=김꼬질)
15:12:06.134 [Test worker] INFO  com.busanit501.leejj_server_project2.mapper.TodoMapperTests-TodoVO(tno=1351, title=수정 테스트 333, dueDate=2026-02-25, finished=false, writer=김꼬질)
15:12:06.134 [Test worker] INFO  com.busanit501.leejj_server_project2.mapper.TodoMapperTests-TodoVO(tno=1350, title=log.info 확인용 수정 테스트, dueDate=2026-02-27, finished=false, writer=김꼬질)
15:12:06.135 [Test worker] INFO  com.busanit501.leejj_server_project2.mapper.TodoMapperTests-TodoVO(tno=1349, title=리스트 테스트, dueDate=2026-02-21, finished=false, writer=김꼬질)
15:12:06.135 [Test worker] INFO  com.busanit501.leejj_server_project2.mapper.TodoMapperTests-TodoVO(tno=1348, title=오늘의 테스트2, dueDate=2026-02-24, finished=false, writer=김꼬질)
15:12:06.135 [Test worker] INFO  com.busanit501.leejj_server_project2.mapper.TodoMapperTests-TodoVO(tno=1347, title=날짜 선택 테스트, dueDate=2026-02-24, finished=false, writer=이진주)
15:12:06.135 [Test worker] INFO  com.busanit501.leejj_server_project2.mapper.TodoMapperTests-TodoVO(tno=1346, title=오늘의 테스트_수정 테스트, dueDate=2026-02-24, finished=false, writer=김꼬질)
15:12:06.135 [Test worker] INFO  com.busanit501.leejj_server_project2.mapper.TodoMapperTests-TodoVO(tno=1345, title=수정 테스트 333, dueDate=2026-02-25, finished=false, writer=김꼬질)
15:12:06.136 [Test worker] INFO  com.busanit501.leejj_server_project2.mapper.TodoMapperTests-TodoVO(tno=1344, title=log.info 확인용 수정 테스트, dueDate=2026-02-27, finished=false, writer=김꼬질)
15:12:06.136 [Test worker] INFO  com.busanit501.leejj_server_project2.mapper.TodoMapperTests-TodoVO(tno=1343, title=리스트 테스트, dueDate=2026-02-21, finished=false, writer=김꼬질)
15:20:18.983 [Test worker] INFO  com.busanit501.leejj_server_project2.mapper.TodoMapperTests-전체 갯수 : 1072
16:19:19.044 [Test worker] INFO  com.busanit501.leejj_server_project2.service.TodoServiceTests-PageResponseDTO  담겨진 여러 가지 데이터들 중에서, 대표적으로 페이징 처리가 된 데이터 10개만 출력해보기.
16:19:19.046 [Test worker] INFO  com.busanit501.leejj_server_project2.service.TodoServiceTests-TodoDTO(tno=1352, title=오늘의 테스트_수정 테스트, dueDate=2026-02-24, writer=김꼬질, finished=false)
16:19:19.046 [Test worker] INFO  com.busanit501.leejj_server_project2.service.TodoServiceTests-TodoDTO(tno=1351, title=수정 테스트 333, dueDate=2026-02-25, writer=김꼬질, finished=false)
16:19:19.046 [Test worker] INFO  com.busanit501.leejj_server_project2.service.TodoServiceTests-TodoDTO(tno=1350, title=log.info 확인용 수정 테스트, dueDate=2026-02-27, writer=김꼬질, finished=false)
16:19:19.046 [Test worker] INFO  com.busanit501.leejj_server_project2.service.TodoServiceTests-TodoDTO(tno=1349, title=리스트 테스트, dueDate=2026-02-21, writer=김꼬질, finished=false)
16:19:19.047 [Test worker] INFO  com.busanit501.leejj_server_project2.service.TodoServiceTests-TodoDTO(tno=1348, title=오늘의 테스트2, dueDate=2026-02-24, writer=김꼬질, finished=false)
16:19:19.047 [Test worker] INFO  com.busanit501.leejj_server_project2.service.TodoServiceTests-TodoDTO(tno=1347, title=날짜 선택 테스트, dueDate=2026-02-24, writer=이진주, finished=false)
16:19:19.047 [Test worker] INFO  com.busanit501.leejj_server_project2.service.TodoServiceTests-TodoDTO(tno=1346, title=오늘의 테스트_수정 테스트, dueDate=2026-02-24, writer=김꼬질, finished=false)
16:19:19.048 [Test worker] INFO  com.busanit501.leejj_server_project2.service.TodoServiceTests-TodoDTO(tno=1345, title=수정 테스트 333, dueDate=2026-02-25, writer=김꼬질, finished=false)
16:19:19.048 [Test worker] INFO  com.busanit501.leejj_server_project2.service.TodoServiceTests-TodoDTO(tno=1344, title=log.info 확인용 수정 테스트, dueDate=2026-02-27, writer=김꼬질, finished=false)
16:19:19.048 [Test worker] INFO  com.busanit501.leejj_server_project2.service.TodoServiceTests-TodoDTO(tno=1343, title=리스트 테스트, dueDate=2026-02-21, writer=김꼬질, finished=false)
16:19:19.049 [Test worker] INFO  com.busanit501.leejj_server_project2.service.TodoServiceTests-total : 1072
16:19:19.050 [Test worker] INFO  com.busanit501.leejj_server_project2.service.TodoServiceTests-start : 1
16:19:19.050 [Test worker] INFO  com.busanit501.leejj_server_project2.service.TodoServiceTests-end : 10
16:20:43.530 [Test worker] INFO  com.busanit501.leejj_server_project2.service.TodoServiceTests-PageResponseDTO  담겨진 여러 가지 데이터들 중에서, 대표적으로 페이징 처리가 된 데이터 10개만 출력해보기.
16:20:43.531 [Test worker] INFO  com.busanit501.leejj_server_project2.service.TodoServiceTests-TodoDTO(tno=1252, title=오늘의 테스트2, dueDate=2026-02-24, writer=김꼬질, finished=false)
16:20:43.531 [Test worker] INFO  com.busanit501.leejj_server_project2.service.TodoServiceTests-TodoDTO(tno=1251, title=날짜 선택 테스트, dueDate=2026-02-24, writer=이진주, finished=false)
16:20:43.531 [Test worker] INFO  com.busanit501.leejj_server_project2.service.TodoServiceTests-TodoDTO(tno=1250, title=오늘의 테스트_수정 테스트, dueDate=2026-02-24, writer=김꼬질, finished=false)
16:20:43.531 [Test worker] INFO  com.busanit501.leejj_server_project2.service.TodoServiceTests-TodoDTO(tno=1249, title=수정 테스트 333, dueDate=2026-02-25, writer=김꼬질, finished=false)
16:20:43.532 [Test worker] INFO  com.busanit501.leejj_server_project2.service.TodoServiceTests-TodoDTO(tno=1248, title=log.info 확인용 수정 테스트, dueDate=2026-02-27, writer=김꼬질, finished=false)
16:20:43.532 [Test worker] INFO  com.busanit501.leejj_server_project2.service.TodoServiceTests-TodoDTO(tno=1247, title=리스트 테스트, dueDate=2026-02-21, writer=김꼬질, finished=false)
16:20:43.532 [Test worker] INFO  com.busanit501.leejj_server_project2.service.TodoServiceTests-TodoDTO(tno=1246, title=오늘의 테스트2, dueDate=2026-02-24, writer=김꼬질, finished=false)
16:20:43.532 [Test worker] INFO  com.busanit501.leejj_server_project2.service.TodoServiceTests-TodoDTO(tno=1245, title=날짜 선택 테스트, dueDate=2026-02-24, writer=이진주, finished=false)
16:20:43.533 [Test worker] INFO  com.busanit501.leejj_server_project2.service.TodoServiceTests-TodoDTO(tno=1244, title=오늘의 테스트_수정 테스트, dueDate=2026-02-24, writer=김꼬질, finished=false)
16:20:43.533 [Test worker] INFO  com.busanit501.leejj_server_project2.service.TodoServiceTests-TodoDTO(tno=1243, title=수정 테스트 333, dueDate=2026-02-25, writer=김꼬질, finished=false)
16:20:43.533 [Test worker] INFO  com.busanit501.leejj_server_project2.service.TodoServiceTests-total : 1072
16:20:43.533 [Test worker] INFO  com.busanit501.leejj_server_project2.service.TodoServiceTests-start : 11
16:20:43.533 [Test worker] INFO  com.busanit501.leejj_server_project2.service.TodoServiceTests-end : 20
14:38:39.279 [Test worker] INFO  com.busanit501.leejj_server_project2.mapper.TodoMapperTests-TodoVO(tno=4119, title=insert 테스트, dueDate=2026-02-24, finished=false, writer=이진주)
14:38:39.280 [Test worker] INFO  com.busanit501.leejj_server_project2.mapper.TodoMapperTests-TodoVO(tno=1352, title=오늘의 테스트_수정 테스트, dueDate=2026-02-24, finished=false, writer=김꼬질)
14:38:39.280 [Test worker] INFO  com.busanit501.leejj_server_project2.mapper.TodoMapperTests-TodoVO(tno=1351, title=수정 테스트 333, dueDate=2026-02-25, finished=false, writer=김꼬질)
14:38:39.281 [Test worker] INFO  com.busanit501.leejj_server_project2.mapper.TodoMapperTests-TodoVO(tno=1350, title=log.info 확인용 수정 테스트, dueDate=2026-02-27, finished=false, writer=김꼬질)
14:38:39.281 [Test worker] INFO  com.busanit501.leejj_server_project2.mapper.TodoMapperTests-TodoVO(tno=1349, title=리스트 테스트, dueDate=2026-02-21, finished=false, writer=김꼬질)
14:38:39.281 [Test worker] INFO  com.busanit501.leejj_server_project2.mapper.TodoMapperTests-TodoVO(tno=1348, title=오늘의 테스트2, dueDate=2026-02-24, finished=false, writer=김꼬질)
14:38:39.281 [Test worker] INFO  com.busanit501.leejj_server_project2.mapper.TodoMapperTests-TodoVO(tno=1347, title=날짜 선택 테스트, dueDate=2026-02-24, finished=false, writer=이진주)
14:38:39.282 [Test worker] INFO  com.busanit501.leejj_server_project2.mapper.TodoMapperTests-TodoVO(tno=1346, title=오늘의 테스트_수정 테스트, dueDate=2026-02-24, finished=false, writer=김꼬질)
14:38:39.283 [Test worker] INFO  com.busanit501.leejj_server_project2.mapper.TodoMapperTests-TodoVO(tno=1345, title=수정 테스트 333, dueDate=2026-02-25, finished=false, writer=김꼬질)
14:38:39.283 [Test worker] INFO  com.busanit501.leejj_server_project2.mapper.TodoMapperTests-TodoVO(tno=1344, title=log.info 확인용 수정 테스트, dueDate=2026-02-27, finished=false, writer=김꼬질)
15:57:23.840 [Test worker] INFO  com.busanit501.leejj_server_project2.mapper.TodoMapperTests-TodoVO(tno=4122, title=서치 테스트3, dueDate=2026-02-25, finished=true, writer=이진주)
15:57:23.841 [Test worker] INFO  com.busanit501.leejj_server_project2.mapper.TodoMapperTests-TodoVO(tno=4121, title=서치 테스트2, dueDate=2026-03-05, finished=true, writer=김꼬질)
15:57:23.841 [Test worker] INFO  com.busanit501.leejj_server_project2.mapper.TodoMapperTests-TodoVO(tno=38, title=오늘의 테스트2, dueDate=2026-02-24, finished=true, writer=김꼬질)
15:57:23.841 [Test worker] INFO  com.busanit501.leejj_server_project2.mapper.TodoMapperTests-TodoVO(tno=37, title=날짜 선택 테스트, dueDate=2026-02-24, finished=true, writer=이진주)
15:57:23.841 [Test worker] INFO  com.busanit501.leejj_server_project2.mapper.TodoMapperTests-TodoVO(tno=36, title=오늘의 테스트_수정 테스트, dueDate=2026-02-24, finished=true, writer=김꼬질)
15:57:23.841 [Test worker] INFO  com.busanit501.leejj_server_project2.mapper.TodoMapperTests-TodoVO(tno=35, title=수정 테스트 333, dueDate=2026-02-25, finished=true, writer=김꼬질)
15:57:23.842 [Test worker] INFO  com.busanit501.leejj_server_project2.mapper.TodoMapperTests-TodoVO(tno=30, title=log.info 확인용 수정 테스트, dueDate=2026-02-27, finished=true, writer=김꼬질)
15:57:49.983 [Test worker] INFO  com.busanit501.leejj_server_project2.mapper.TodoMapperTests-TodoVO(tno=4121, title=서치 테스트2, dueDate=2026-03-05, finished=true, writer=김꼬질)
16:18:16.701 [Test worker] INFO  com.busanit501.leejj_server_project2.mapper.TodoMapperTests-TodoVO(tno=4122, title=서치 테스트3, dueDate=2026-02-25, finished=true, writer=이진주)
16:18:16.702 [Test worker] INFO  com.busanit501.leejj_server_project2.mapper.TodoMapperTests-TodoVO(tno=4121, title=서치 테스트2, dueDate=2026-03-05, finished=true, writer=김꼬질)
16:18:16.709 [Test worker] INFO  com.busanit501.leejj_server_project2.mapper.TodoMapperTests-2
